<?xml version="1.0" encoding="UTF-8"?>
<testng-results skipped="0" failed="0" ignored="0" total="1" passed="1">
  <reporter-output>
  </reporter-output>
  <suite name="Default suite" duration-ms="369935" started-at="2020-09-29T11:09:07Z" finished-at="2020-09-29T11:15:17Z">
    <groups>
    </groups>
    <test name="Default test" duration-ms="369935" started-at="2020-09-29T11:09:07Z" finished-at="2020-09-29T11:15:17Z">
      <class name="testPackage.TestClass">
        <test-method status="PASS" signature="openBrowser()[pri:0, instance:testPackage.TestClass@3ffc5af1]" name="openBrowser" is-config="true" duration-ms="180819" started-at="2020-09-29T11:09:07Z" finished-at="2020-09-29T11:12:08Z">
          <reporter-output>
          </reporter-output>
        </test-method> <!-- openBrowser -->
        <test-method status="PASS" signature="FacebookSignUp()[pri:0, instance:testPackage.TestClass@3ffc5af1]" name="FacebookSignUp" duration-ms="185731" started-at="2020-09-29T11:12:11Z" finished-at="2020-09-29T11:15:17Z">
          <reporter-output>
          </reporter-output>
        </test-method> <!-- FacebookSignUp -->
        <test-method status="PASS" signature="closeConnection()[pri:0, instance:testPackage.TestClass@3ffc5af1]" name="closeConnection" is-config="true" duration-ms="0" started-at="2020-09-29T11:15:17Z" finished-at="2020-09-29T11:15:17Z">
          <reporter-output>
          </reporter-output>
        </test-method> <!-- closeConnection -->
      </class> <!-- testPackage.TestClass -->
    </test> <!-- Default test -->
  </suite> <!-- Default suite -->
</testng-results>
